<?xml version="1.0" encoding="UTF-8"?>
<testsuite name="hello.core.singletonTest.SingletinTest" tests="3" skipped="0" failures="0" errors="0" timestamp="2023-08-25T05:06:20" hostname="Hojoonui-MacBookAir.local" time="0.004">
  <properties/>
  <testcase name="싱글톤 패턴을 적용한 객체 사용" classname="hello.core.singletonTest.SingletinTest" time="0.0"/>
  <testcase name="싱글톤 패턴을 적용한 객체 사용" classname="hello.core.singletonTest.SingletinTest" time="0.001"/>
  <testcase name="스프링 컨테이너와 싱글톤" classname="hello.core.singletonTest.SingletinTest" time="0.002"/>
  <system-out><![CDATA[singletonService1 = hello.core.singletonTest.SingletonService@11309dd4
singletonService2 = hello.core.singletonTest.SingletonService@11309dd4
14:06:20.158 [Test worker] DEBUG o.s.c.a.AnnotationConfigApplicationContext -- Refreshing org.springframework.context.annotation.AnnotationConfigApplicationContext@4f4d05b3
14:06:20.158 [Test worker] DEBUG o.s.b.f.s.DefaultListableBeanFactory -- Creating shared instance of singleton bean 'org.springframework.context.annotation.internalConfigurationAnnotationProcessor'
14:06:20.158 [Test worker] DEBUG o.s.b.f.s.DefaultListableBeanFactory -- Creating shared instance of singleton bean 'org.springframework.context.event.internalEventListenerProcessor'
14:06:20.158 [Test worker] DEBUG o.s.b.f.s.DefaultListableBeanFactory -- Creating shared instance of singleton bean 'org.springframework.context.event.internalEventListenerFactory'
14:06:20.159 [Test worker] DEBUG o.s.b.f.s.DefaultListableBeanFactory -- Creating shared instance of singleton bean 'org.springframework.context.annotation.internalAutowiredAnnotationProcessor'
14:06:20.159 [Test worker] DEBUG o.s.b.f.s.DefaultListableBeanFactory -- Creating shared instance of singleton bean 'org.springframework.context.annotation.internalCommonAnnotationProcessor'
14:06:20.159 [Test worker] DEBUG o.s.b.f.s.DefaultListableBeanFactory -- Creating shared instance of singleton bean 'appConfig'
14:06:20.159 [Test worker] DEBUG o.s.b.f.s.DefaultListableBeanFactory -- Creating shared instance of singleton bean 'memberService'
14:06:20.159 [Test worker] DEBUG o.s.b.f.s.DefaultListableBeanFactory -- Creating shared instance of singleton bean 'memberRepository'
14:06:20.159 [Test worker] DEBUG o.s.b.f.s.DefaultListableBeanFactory -- Creating shared instance of singleton bean 'orderService'
14:06:20.159 [Test worker] DEBUG o.s.b.f.s.DefaultListableBeanFactory -- Creating shared instance of singleton bean 'discountPolicy'
memberService = hello.core.member.MemberServiceImpl@8b1202a
memberService2 = hello.core.member.MemberServiceImpl@8b1202a
]]></system-out>
  <system-err><![CDATA[]]></system-err>
</testsuite>
