<?xml version="1.0" encoding="UTF-8"?>
<testsuite name="hello.core.order.OrderServiceImplTest" tests="1" skipped="0" failures="0" errors="0" timestamp="2023-08-25T05:06:20" hostname="Hojoonui-MacBookAir.local" time="0.001">
  <properties/>
  <testcase name="creatOrder()" classname="hello.core.order.OrderServiceImplTest" time="0.001"/>
  <system-out><![CDATA[]]></system-out>
  <system-err><![CDATA[]]></system-err>
</testsuite>
