<?xml version="1.0" encoding="UTF-8"?>
<testsuite name="hello.core.singletonTest.StatefulServiceTest" tests="2" skipped="0" failures="0" errors="0" timestamp="2023-08-25T05:06:20" hostname="Hojoonui-MacBookAir.local" time="0.005">
  <properties/>
  <testcase name="statefulServiceSingleton()" classname="hello.core.singletonTest.StatefulServiceTest" time="0.005"/>
  <testcase name="getPrice()" classname="hello.core.singletonTest.StatefulServiceTest" time="0.0"/>
  <system-out><![CDATA[14:06:20.160 [Test worker] DEBUG o.s.c.a.AnnotationConfigApplicationContext -- Refreshing org.springframework.context.annotation.AnnotationConfigApplicationContext@32646ecf
14:06:20.161 [Test worker] DEBUG o.s.b.f.s.DefaultListableBeanFactory -- Creating shared instance of singleton bean 'org.springframework.context.annotation.internalConfigurationAnnotationProcessor'
14:06:20.164 [Test worker] DEBUG o.s.b.f.s.DefaultListableBeanFactory -- Creating shared instance of singleton bean 'org.springframework.context.event.internalEventListenerProcessor'
14:06:20.164 [Test worker] DEBUG o.s.b.f.s.DefaultListableBeanFactory -- Creating shared instance of singleton bean 'org.springframework.context.event.internalEventListenerFactory'
14:06:20.164 [Test worker] DEBUG o.s.b.f.s.DefaultListableBeanFactory -- Creating shared instance of singleton bean 'org.springframework.context.annotation.internalAutowiredAnnotationProcessor'
14:06:20.164 [Test worker] DEBUG o.s.b.f.s.DefaultListableBeanFactory -- Creating shared instance of singleton bean 'org.springframework.context.annotation.internalCommonAnnotationProcessor'
14:06:20.164 [Test worker] DEBUG o.s.b.f.s.DefaultListableBeanFactory -- Creating shared instance of singleton bean 'statefulServiceTest.TestConfig'
14:06:20.164 [Test worker] DEBUG o.s.b.f.s.DefaultListableBeanFactory -- Creating shared instance of singleton bean 'statefulService'
name = userA price = 10000
name = userB price = 20000
price = 20000
]]></system-out>
  <system-err><![CDATA[]]></system-err>
</testsuite>
