<?xml version="1.0" encoding="UTF-8"?>
<testsuite name="hello.core.singletonTest.StatefulServiceTest" tests="2" skipped="0" failures="0" errors="0" timestamp="2023-08-14T08:15:15" hostname="Hojoonui-MacBookAir.local" time="0.005">
  <properties/>
  <testcase name="statefulServiceSingleton()" classname="hello.core.singletonTest.StatefulServiceTest" time="0.005"/>
  <testcase name="getPrice()" classname="hello.core.singletonTest.StatefulServiceTest" time="0.0"/>
  <system-out><![CDATA[17:15:15.347 [Test worker] DEBUG o.s.c.a.AnnotationConfigApplicationContext -- Refreshing org.springframework.context.annotation.AnnotationConfigApplicationContext@395eb363
17:15:15.347 [Test worker] DEBUG o.s.b.f.s.DefaultListableBeanFactory -- Creating shared instance of singleton bean 'org.springframework.context.annotation.internalConfigurationAnnotationProcessor'
17:15:15.350 [Test worker] DEBUG o.s.b.f.s.DefaultListableBeanFactory -- Creating shared instance of singleton bean 'org.springframework.context.event.internalEventListenerProcessor'
17:15:15.350 [Test worker] DEBUG o.s.b.f.s.DefaultListableBeanFactory -- Creating shared instance of singleton bean 'org.springframework.context.event.internalEventListenerFactory'
17:15:15.350 [Test worker] DEBUG o.s.b.f.s.DefaultListableBeanFactory -- Creating shared instance of singleton bean 'org.springframework.context.annotation.internalAutowiredAnnotationProcessor'
17:15:15.350 [Test worker] DEBUG o.s.b.f.s.DefaultListableBeanFactory -- Creating shared instance of singleton bean 'org.springframework.context.annotation.internalCommonAnnotationProcessor'
17:15:15.351 [Test worker] DEBUG o.s.b.f.s.DefaultListableBeanFactory -- Creating shared instance of singleton bean 'statefulServiceTest.TestConfig'
17:15:15.351 [Test worker] DEBUG o.s.b.f.s.DefaultListableBeanFactory -- Creating shared instance of singleton bean 'statefulService'
name = userA price = 10000
name = userB price = 20000
price = 20000
]]></system-out>
  <system-err><![CDATA[]]></system-err>
</testsuite>
