<?xml version="1.0" encoding="UTF-8"?>
<testsuite name="hello.core.autowired.AutoWiredTest" tests="1" skipped="0" failures="0" errors="0" timestamp="2023-08-25T05:06:20" hostname="Hojoonui-MacBookAir.local" time="0.003">
  <properties/>
  <testcase name="AutoWiredOption()" classname="hello.core.autowired.AutoWiredTest" time="0.003"/>
  <system-out><![CDATA[14:06:20.017 [Test worker] DEBUG o.s.c.a.AnnotationConfigApplicationContext -- Refreshing org.springframework.context.annotation.AnnotationConfigApplicationContext@77a9ac36
14:06:20.017 [Test worker] DEBUG o.s.b.f.s.DefaultListableBeanFactory -- Creating shared instance of singleton bean 'org.springframework.context.annotation.internalConfigurationAnnotationProcessor'
14:06:20.018 [Test worker] DEBUG o.s.b.f.s.DefaultListableBeanFactory -- Creating shared instance of singleton bean 'org.springframework.context.event.internalEventListenerProcessor'
14:06:20.018 [Test worker] DEBUG o.s.b.f.s.DefaultListableBeanFactory -- Creating shared instance of singleton bean 'org.springframework.context.event.internalEventListenerFactory'
14:06:20.018 [Test worker] DEBUG o.s.b.f.s.DefaultListableBeanFactory -- Creating shared instance of singleton bean 'org.springframework.context.annotation.internalAutowiredAnnotationProcessor'
14:06:20.018 [Test worker] DEBUG o.s.b.f.s.DefaultListableBeanFactory -- Creating shared instance of singleton bean 'org.springframework.context.annotation.internalCommonAnnotationProcessor'
14:06:20.018 [Test worker] DEBUG o.s.b.f.s.DefaultListableBeanFactory -- Creating shared instance of singleton bean 'autoWiredTest.TestBean'
setNoBean2 = null
setNoBean3 = Optional.empty
]]></system-out>
  <system-err><![CDATA[]]></system-err>
</testsuite>
