<?xml version="1.0" encoding="UTF-8"?>
<testsuite name="hello.core.beanfind.ApplicationContextInfoTest" tests="2" skipped="0" failures="0" errors="0" timestamp="2023-08-14T08:15:15" hostname="Hojoonui-MacBookAir.local" time="0.003">
  <properties/>
  <testcase name="애플리케이션 빈 출력하기" classname="hello.core.beanfind.ApplicationContextInfoTest" time="0.0"/>
  <testcase name="모든 빈 출력하기" classname="hello.core.beanfind.ApplicationContextInfoTest" time="0.0"/>
  <system-out><![CDATA[17:15:15.281 [Test worker] DEBUG o.s.c.a.AnnotationConfigApplicationContext -- Refreshing org.springframework.context.annotation.AnnotationConfigApplicationContext@51d88c38
17:15:15.281 [Test worker] DEBUG o.s.b.f.s.DefaultListableBeanFactory -- Creating shared instance of singleton bean 'org.springframework.context.annotation.internalConfigurationAnnotationProcessor'
17:15:15.282 [Test worker] DEBUG o.s.b.f.s.DefaultListableBeanFactory -- Creating shared instance of singleton bean 'org.springframework.context.event.internalEventListenerProcessor'
17:15:15.282 [Test worker] DEBUG o.s.b.f.s.DefaultListableBeanFactory -- Creating shared instance of singleton bean 'org.springframework.context.event.internalEventListenerFactory'
17:15:15.282 [Test worker] DEBUG o.s.b.f.s.DefaultListableBeanFactory -- Creating shared instance of singleton bean 'org.springframework.context.annotation.internalAutowiredAnnotationProcessor'
17:15:15.282 [Test worker] DEBUG o.s.b.f.s.DefaultListableBeanFactory -- Creating shared instance of singleton bean 'org.springframework.context.annotation.internalCommonAnnotationProcessor'
17:15:15.282 [Test worker] DEBUG o.s.b.f.s.DefaultListableBeanFactory -- Creating shared instance of singleton bean 'appConfig'
17:15:15.282 [Test worker] DEBUG o.s.b.f.s.DefaultListableBeanFactory -- Creating shared instance of singleton bean 'memberService'
17:15:15.282 [Test worker] DEBUG o.s.b.f.s.DefaultListableBeanFactory -- Creating shared instance of singleton bean 'memberRepository'
17:15:15.282 [Test worker] DEBUG o.s.b.f.s.DefaultListableBeanFactory -- Creating shared instance of singleton bean 'orderService'
17:15:15.282 [Test worker] DEBUG o.s.b.f.s.DefaultListableBeanFactory -- Creating shared instance of singleton bean 'discountPolicy'
name = appConfig object = hello.core.AppConfig$$SpringCGLIB$$0@664f49f
name = memberService object = hello.core.member.MemberServiceImpl@60ab895f
name = memberRepository object = hello.core.member.MemoryMemberRepository@295f2d1b
name = orderService object = hello.core.order.OrderServiceImpl@65015a49
name = discountPolicy object = hello.core.discount.RateDiscountPolicy@44e08a7a
17:15:15.283 [Test worker] DEBUG o.s.c.a.AnnotationConfigApplicationContext -- Refreshing org.springframework.context.annotation.AnnotationConfigApplicationContext@78bd02c8
17:15:15.283 [Test worker] DEBUG o.s.b.f.s.DefaultListableBeanFactory -- Creating shared instance of singleton bean 'org.springframework.context.annotation.internalConfigurationAnnotationProcessor'
17:15:15.284 [Test worker] DEBUG o.s.b.f.s.DefaultListableBeanFactory -- Creating shared instance of singleton bean 'org.springframework.context.event.internalEventListenerProcessor'
17:15:15.284 [Test worker] DEBUG o.s.b.f.s.DefaultListableBeanFactory -- Creating shared instance of singleton bean 'org.springframework.context.event.internalEventListenerFactory'
17:15:15.284 [Test worker] DEBUG o.s.b.f.s.DefaultListableBeanFactory -- Creating shared instance of singleton bean 'org.springframework.context.annotation.internalAutowiredAnnotationProcessor'
17:15:15.284 [Test worker] DEBUG o.s.b.f.s.DefaultListableBeanFactory -- Creating shared instance of singleton bean 'org.springframework.context.annotation.internalCommonAnnotationProcessor'
17:15:15.285 [Test worker] DEBUG o.s.b.f.s.DefaultListableBeanFactory -- Creating shared instance of singleton bean 'appConfig'
17:15:15.285 [Test worker] DEBUG o.s.b.f.s.DefaultListableBeanFactory -- Creating shared instance of singleton bean 'memberService'
17:15:15.285 [Test worker] DEBUG o.s.b.f.s.DefaultListableBeanFactory -- Creating shared instance of singleton bean 'memberRepository'
17:15:15.285 [Test worker] DEBUG o.s.b.f.s.DefaultListableBeanFactory -- Creating shared instance of singleton bean 'orderService'
17:15:15.285 [Test worker] DEBUG o.s.b.f.s.DefaultListableBeanFactory -- Creating shared instance of singleton bean 'discountPolicy'
name = org.springframework.context.annotation.internalConfigurationAnnotationProcessor object = org.springframework.context.annotation.ConfigurationClassPostProcessor@51869ad6
name = org.springframework.context.annotation.internalAutowiredAnnotationProcessor object = org.springframework.beans.factory.annotation.AutowiredAnnotationBeanPostProcessor@27a90ce5
name = org.springframework.context.annotation.internalCommonAnnotationProcessor object = org.springframework.context.annotation.CommonAnnotationBeanPostProcessor@77f4038c
name = org.springframework.context.event.internalEventListenerProcessor object = org.springframework.context.event.EventListenerMethodProcessor@49a06087
name = org.springframework.context.event.internalEventListenerFactory object = org.springframework.context.event.DefaultEventListenerFactory@2c15034f
name = appConfig object = hello.core.AppConfig$$SpringCGLIB$$0@43b4ec0c
name = memberService object = hello.core.member.MemberServiceImpl@148b6f95
name = memberRepository object = hello.core.member.MemoryMemberRepository@5ee581db
name = orderService object = hello.core.order.OrderServiceImpl@5a6efe33
name = discountPolicy object = hello.core.discount.RateDiscountPolicy@3e5ebdfe
]]></system-out>
  <system-err><![CDATA[]]></system-err>
</testsuite>
