<?xml version="1.0" encoding="UTF-8"?>
<testsuite name="hello.core.autowired.AutoWiredTest" tests="1" skipped="0" failures="0" errors="0" timestamp="2023-08-14T08:15:15" hostname="Hojoonui-MacBookAir.local" time="0.003">
  <properties/>
  <testcase name="AutoWiredOption()" classname="hello.core.autowired.AutoWiredTest" time="0.003"/>
  <system-out><![CDATA[17:15:15.234 [Test worker] DEBUG o.s.c.a.AnnotationConfigApplicationContext -- Refreshing org.springframework.context.annotation.AnnotationConfigApplicationContext@6da646b8
17:15:15.235 [Test worker] DEBUG o.s.b.f.s.DefaultListableBeanFactory -- Creating shared instance of singleton bean 'org.springframework.context.annotation.internalConfigurationAnnotationProcessor'
17:15:15.235 [Test worker] DEBUG o.s.b.f.s.DefaultListableBeanFactory -- Creating shared instance of singleton bean 'org.springframework.context.event.internalEventListenerProcessor'
17:15:15.235 [Test worker] DEBUG o.s.b.f.s.DefaultListableBeanFactory -- Creating shared instance of singleton bean 'org.springframework.context.event.internalEventListenerFactory'
17:15:15.235 [Test worker] DEBUG o.s.b.f.s.DefaultListableBeanFactory -- Creating shared instance of singleton bean 'org.springframework.context.annotation.internalAutowiredAnnotationProcessor'
17:15:15.235 [Test worker] DEBUG o.s.b.f.s.DefaultListableBeanFactory -- Creating shared instance of singleton bean 'org.springframework.context.annotation.internalCommonAnnotationProcessor'
17:15:15.236 [Test worker] DEBUG o.s.b.f.s.DefaultListableBeanFactory -- Creating shared instance of singleton bean 'autoWiredTest.TestBean'
setNoBean2 = null
setNoBean3 = Optional.empty
]]></system-out>
  <system-err><![CDATA[]]></system-err>
</testsuite>
