<?xml version="1.0" encoding="UTF-8"?>
<testsuite name="hello.core.xml.XmlAppContext" tests="1" skipped="0" failures="0" errors="0" timestamp="2023-08-25T05:06:20" hostname="Hojoonui-MacBookAir.local" time="0.059">
  <properties/>
  <testcase name="xmlAppContext()" classname="hello.core.xml.XmlAppContext" time="0.059"/>
  <system-out><![CDATA[14:06:20.223 [Test worker] DEBUG o.s.b.f.xml.XmlBeanDefinitionReader -- Loaded 4 bean definitions from class path resource [appConfig.xml]
14:06:20.223 [Test worker] DEBUG o.s.c.s.GenericXmlApplicationContext -- Refreshing org.springframework.context.support.GenericXmlApplicationContext@35f01759
14:06:20.224 [Test worker] DEBUG o.s.b.f.s.DefaultListableBeanFactory -- Creating shared instance of singleton bean 'memberService'
14:06:20.224 [Test worker] DEBUG o.s.b.f.s.DefaultListableBeanFactory -- Creating shared instance of singleton bean 'memberRepository'
14:06:20.224 [Test worker] DEBUG o.s.b.f.s.DefaultListableBeanFactory -- Creating shared instance of singleton bean 'orderService'
14:06:20.224 [Test worker] DEBUG o.s.b.f.s.DefaultListableBeanFactory -- Creating shared instance of singleton bean 'discountPolicy'
]]></system-out>
  <system-err><![CDATA[]]></system-err>
</testsuite>
