<?xml version="1.0" encoding="UTF-8"?>
<testsuite name="hello.core.autowired.AllBeanTest" tests="1" skipped="0" failures="0" errors="0" timestamp="2023-08-25T05:06:19" hostname="Hojoonui-MacBookAir.local" time="0.057">
  <properties/>
  <testcase name="findAllBean()" classname="hello.core.autowired.AllBeanTest" time="0.057"/>
  <system-out><![CDATA[14:06:19.959 [Test worker] DEBUG o.s.c.a.AnnotationConfigApplicationContext -- Refreshing org.springframework.context.annotation.AnnotationConfigApplicationContext@2b6fcca1
14:06:19.959 [Test worker] DEBUG o.s.b.f.s.DefaultListableBeanFactory -- Creating shared instance of singleton bean 'org.springframework.context.annotation.internalConfigurationAnnotationProcessor'
14:06:19.964 [Test worker] DEBUG o.s.c.a.ClassPathBeanDefinitionScanner -- Identified candidate component class: file [/Users/hojoonkim/IdeaProjects/Spring/core/build/classes/java/test/hello/core/scope/singletonWithPrototypeTest$ClientBean.class]
14:06:19.964 [Test worker] DEBUG o.s.c.a.ClassPathBeanDefinitionScanner -- Identified candidate component class: file [/Users/hojoonkim/IdeaProjects/Spring/core/build/classes/java/test/hello/core/scope/singletonWithPrototypeTest$PrototypeBean.class]
14:06:19.967 [Test worker] DEBUG o.s.c.a.ClassPathBeanDefinitionScanner -- Identified candidate component class: file [/Users/hojoonkim/IdeaProjects/Spring/core/build/classes/java/main/hello/core/common/MyLogger.class]
14:06:19.967 [Test worker] DEBUG o.s.c.a.ClassPathBeanDefinitionScanner -- Identified candidate component class: file [/Users/hojoonkim/IdeaProjects/Spring/core/build/classes/java/main/hello/core/discount/FixDiscountPolicy.class]
14:06:19.968 [Test worker] DEBUG o.s.c.a.ClassPathBeanDefinitionScanner -- Identified candidate component class: file [/Users/hojoonkim/IdeaProjects/Spring/core/build/classes/java/main/hello/core/discount/RateDiscountPolicy.class]
14:06:19.968 [Test worker] DEBUG o.s.c.a.ClassPathBeanDefinitionScanner -- Identified candidate component class: file [/Users/hojoonkim/IdeaProjects/Spring/core/build/classes/java/main/hello/core/member/MemberServiceImpl.class]
14:06:19.968 [Test worker] DEBUG o.s.c.a.ClassPathBeanDefinitionScanner -- Identified candidate component class: file [/Users/hojoonkim/IdeaProjects/Spring/core/build/classes/java/main/hello/core/member/MemoryMemberRepository.class]
14:06:19.969 [Test worker] DEBUG o.s.c.a.ClassPathBeanDefinitionScanner -- Identified candidate component class: file [/Users/hojoonkim/IdeaProjects/Spring/core/build/classes/java/main/hello/core/order/OrderServiceImpl.class]
14:06:19.969 [Test worker] DEBUG o.s.c.a.ClassPathBeanDefinitionScanner -- Identified candidate component class: file [/Users/hojoonkim/IdeaProjects/Spring/core/build/classes/java/main/hello/core/web/LogDemoController.class]
14:06:19.969 [Test worker] DEBUG o.s.c.a.ClassPathBeanDefinitionScanner -- Identified candidate component class: file [/Users/hojoonkim/IdeaProjects/Spring/core/build/classes/java/main/hello/core/web/LogDemoService.class]
14:06:19.976 [Test worker] DEBUG o.s.b.f.s.DefaultListableBeanFactory -- Creating shared instance of singleton bean 'org.springframework.context.event.internalEventListenerProcessor'
14:06:19.976 [Test worker] DEBUG o.s.b.f.s.DefaultListableBeanFactory -- Creating shared instance of singleton bean 'org.springframework.context.event.internalEventListenerFactory'
14:06:19.976 [Test worker] DEBUG o.s.b.f.s.DefaultListableBeanFactory -- Creating shared instance of singleton bean 'org.springframework.context.annotation.internalAutowiredAnnotationProcessor'
14:06:19.976 [Test worker] DEBUG o.s.b.f.s.DefaultListableBeanFactory -- Creating shared instance of singleton bean 'org.springframework.context.annotation.internalCommonAnnotationProcessor'
14:06:19.977 [Test worker] DEBUG o.s.b.f.s.DefaultListableBeanFactory -- Creating shared instance of singleton bean 'autoAppConfig'
14:06:19.977 [Test worker] DEBUG o.s.b.f.s.DefaultListableBeanFactory -- Creating shared instance of singleton bean 'allBeanTest.DiscountService'
14:06:19.977 [Test worker] DEBUG o.s.b.f.s.DefaultListableBeanFactory -- Creating shared instance of singleton bean 'fixDiscountPolicy'
14:06:19.977 [Test worker] DEBUG o.s.b.f.s.DefaultListableBeanFactory -- Creating shared instance of singleton bean 'rateDiscountPolicy'
14:06:19.978 [Test worker] DEBUG o.s.b.f.s.DefaultListableBeanFactory -- Autowiring by type from bean name 'allBeanTest.DiscountService' via constructor to bean named 'fixDiscountPolicy'
14:06:19.978 [Test worker] DEBUG o.s.b.f.s.DefaultListableBeanFactory -- Autowiring by type from bean name 'allBeanTest.DiscountService' via constructor to bean named 'rateDiscountPolicy'
policyMap = {fixDiscountPolicy=hello.core.discount.FixDiscountPolicy@1a139347, rateDiscountPolicy=hello.core.discount.RateDiscountPolicy@186295cc}
policies = [hello.core.discount.FixDiscountPolicy@1a139347, hello.core.discount.RateDiscountPolicy@186295cc]
14:06:19.979 [Test worker] DEBUG o.s.b.f.s.DefaultListableBeanFactory -- Creating shared instance of singleton bean 'singletonWithPrototypeTest.ClientBean'
14:06:19.979 [Test worker] DEBUG o.s.b.f.s.DefaultListableBeanFactory -- Creating shared instance of singleton bean 'myLogger'
14:06:19.980 [Test worker] DEBUG o.s.b.f.s.DefaultListableBeanFactory -- Creating shared instance of singleton bean 'memberServiceImpl'
14:06:19.981 [Test worker] DEBUG o.s.b.f.s.DefaultListableBeanFactory -- Creating shared instance of singleton bean 'memoryMemberRepository'
14:06:19.981 [Test worker] DEBUG o.s.b.f.s.DefaultListableBeanFactory -- Autowiring by type from bean name 'memberServiceImpl' via constructor to bean named 'memoryMemberRepository'
14:06:19.981 [Test worker] DEBUG o.s.b.f.s.DefaultListableBeanFactory -- Creating shared instance of singleton bean 'orderServiceImpl'
14:06:19.981 [Test worker] DEBUG o.s.b.f.s.DefaultListableBeanFactory -- Autowiring by type from bean name 'orderServiceImpl' via constructor to bean named 'memoryMemberRepository'
14:06:19.981 [Test worker] DEBUG o.s.b.f.s.DefaultListableBeanFactory -- Autowiring by type from bean name 'orderServiceImpl' via constructor to bean named 'rateDiscountPolicy'
14:06:19.981 [Test worker] DEBUG o.s.b.f.s.DefaultListableBeanFactory -- Creating shared instance of singleton bean 'logDemoController'
14:06:19.981 [Test worker] DEBUG o.s.b.f.s.DefaultListableBeanFactory -- Creating shared instance of singleton bean 'logDemoService'
14:06:19.981 [Test worker] DEBUG o.s.b.f.s.DefaultListableBeanFactory -- Autowiring by type from bean name 'logDemoService' via constructor to bean named 'myLogger'
14:06:19.981 [Test worker] DEBUG o.s.b.f.s.DefaultListableBeanFactory -- Autowiring by type from bean name 'logDemoController' via constructor to bean named 'logDemoService'
14:06:19.981 [Test worker] DEBUG o.s.b.f.s.DefaultListableBeanFactory -- Autowiring by type from bean name 'logDemoController' via constructor to bean named 'myLogger'
discountCode = fixDiscountPolicy
discountPolicy = hello.core.discount.FixDiscountPolicy@1a139347
]]></system-out>
  <system-err><![CDATA[]]></system-err>
</testsuite>
