<?xml version="1.0" encoding="UTF-8"?>
<testsuite name="hello.core.xml.XmlAppContext" tests="1" skipped="0" failures="0" errors="0" timestamp="2023-08-14T08:15:15" hostname="Hojoonui-MacBookAir.local" time="0.04">
  <properties/>
  <testcase name="xmlAppContext()" classname="hello.core.xml.XmlAppContext" time="0.04"/>
  <system-out><![CDATA[17:15:15.392 [Test worker] DEBUG o.s.b.f.xml.XmlBeanDefinitionReader -- Loaded 4 bean definitions from class path resource [appConfig.xml]
17:15:15.392 [Test worker] DEBUG o.s.c.s.GenericXmlApplicationContext -- Refreshing org.springframework.context.support.GenericXmlApplicationContext@2cff5aa3
17:15:15.392 [Test worker] DEBUG o.s.b.f.s.DefaultListableBeanFactory -- Creating shared instance of singleton bean 'memberService'
17:15:15.392 [Test worker] DEBUG o.s.b.f.s.DefaultListableBeanFactory -- Creating shared instance of singleton bean 'memberRepository'
17:15:15.392 [Test worker] DEBUG o.s.b.f.s.DefaultListableBeanFactory -- Creating shared instance of singleton bean 'orderService'
17:15:15.392 [Test worker] DEBUG o.s.b.f.s.DefaultListableBeanFactory -- Creating shared instance of singleton bean 'discountPolicy'
]]></system-out>
  <system-err><![CDATA[]]></system-err>
</testsuite>
