<?xml version="1.0" encoding="UTF-8"?>
<testsuite name="hello.core.scope.SingletonTest" tests="1" skipped="0" failures="0" errors="0" timestamp="2023-08-25T05:06:20" hostname="Hojoonui-MacBookAir.local" time="0.001">
  <properties/>
  <testcase name="singletonBeanFind()" classname="hello.core.scope.SingletonTest" time="0.001"/>
  <system-out><![CDATA[14:06:20.142 [Test worker] DEBUG o.s.c.a.AnnotationConfigApplicationContext -- Refreshing org.springframework.context.annotation.AnnotationConfigApplicationContext@ad5cffa
14:06:20.142 [Test worker] DEBUG o.s.b.f.s.DefaultListableBeanFactory -- Creating shared instance of singleton bean 'org.springframework.context.annotation.internalConfigurationAnnotationProcessor'
14:06:20.142 [Test worker] DEBUG o.s.b.f.s.DefaultListableBeanFactory -- Creating shared instance of singleton bean 'org.springframework.context.event.internalEventListenerProcessor'
14:06:20.142 [Test worker] DEBUG o.s.b.f.s.DefaultListableBeanFactory -- Creating shared instance of singleton bean 'org.springframework.context.event.internalEventListenerFactory'
14:06:20.142 [Test worker] DEBUG o.s.b.f.s.DefaultListableBeanFactory -- Creating shared instance of singleton bean 'org.springframework.context.annotation.internalAutowiredAnnotationProcessor'
14:06:20.142 [Test worker] DEBUG o.s.b.f.s.DefaultListableBeanFactory -- Creating shared instance of singleton bean 'org.springframework.context.annotation.internalCommonAnnotationProcessor'
14:06:20.142 [Test worker] DEBUG o.s.b.f.s.DefaultListableBeanFactory -- Creating shared instance of singleton bean 'singletonTest.SingletonBean'
SingletonBean.init
singletonBean1 = hello.core.scope.SingletonTest$SingletonBean@3e2772a9
singletonBean2 = hello.core.scope.SingletonTest$SingletonBean@3e2772a9
14:06:20.143 [Test worker] DEBUG o.s.c.a.AnnotationConfigApplicationContext -- Closing org.springframework.context.annotation.AnnotationConfigApplicationContext@ad5cffa, started on Fri Aug 25 14:06:20 KST 2023
SingletonBean.destroy
]]></system-out>
  <system-err><![CDATA[]]></system-err>
</testsuite>
