<?xml version="1.0" encoding="UTF-8"?>
<testsuite name="hello.core.scope.PrototypeTest" tests="1" skipped="0" failures="0" errors="0" timestamp="2023-08-25T05:06:20" hostname="Hojoonui-MacBookAir.local" time="0.001">
  <properties/>
  <testcase name="prototypeBeanFind()" classname="hello.core.scope.PrototypeTest" time="0.001"/>
  <system-out><![CDATA[14:06:20.139 [Test worker] DEBUG o.s.c.a.AnnotationConfigApplicationContext -- Refreshing org.springframework.context.annotation.AnnotationConfigApplicationContext@570ed9c
14:06:20.139 [Test worker] DEBUG o.s.b.f.s.DefaultListableBeanFactory -- Creating shared instance of singleton bean 'org.springframework.context.annotation.internalConfigurationAnnotationProcessor'
14:06:20.140 [Test worker] DEBUG o.s.b.f.s.DefaultListableBeanFactory -- Creating shared instance of singleton bean 'org.springframework.context.event.internalEventListenerProcessor'
14:06:20.140 [Test worker] DEBUG o.s.b.f.s.DefaultListableBeanFactory -- Creating shared instance of singleton bean 'org.springframework.context.event.internalEventListenerFactory'
14:06:20.140 [Test worker] DEBUG o.s.b.f.s.DefaultListableBeanFactory -- Creating shared instance of singleton bean 'org.springframework.context.annotation.internalAutowiredAnnotationProcessor'
14:06:20.140 [Test worker] DEBUG o.s.b.f.s.DefaultListableBeanFactory -- Creating shared instance of singleton bean 'org.springframework.context.annotation.internalCommonAnnotationProcessor'
find prototypeBean1
PrototypeBean.init
find prototypeBean2
PrototypeBean.init
prototypeBean1 = hello.core.scope.PrototypeTest$PrototypeBean@727956bb
prototypeBean2 = hello.core.scope.PrototypeTest$PrototypeBean@6ffbf0ac
14:06:20.141 [Test worker] DEBUG o.s.c.a.AnnotationConfigApplicationContext -- Closing org.springframework.context.annotation.AnnotationConfigApplicationContext@570ed9c, started on Fri Aug 25 14:06:20 KST 2023
PrototypeBean.destroy
PrototypeBean.destroy
]]></system-out>
  <system-err><![CDATA[]]></system-err>
</testsuite>
