<?xml version="1.0" encoding="UTF-8"?>
<testsuite name="hello.core.autowired.AllBeanTest" tests="1" skipped="0" failures="0" errors="0" timestamp="2023-08-14T08:15:15" hostname="Hojoonui-MacBookAir.local" time="0.033">
  <properties/>
  <testcase name="findAllBean()" classname="hello.core.autowired.AllBeanTest" time="0.033"/>
  <system-out><![CDATA[17:15:15.202 [Test worker] DEBUG o.s.c.a.AnnotationConfigApplicationContext -- Refreshing org.springframework.context.annotation.AnnotationConfigApplicationContext@3e6acec2
17:15:15.202 [Test worker] DEBUG o.s.b.f.s.DefaultListableBeanFactory -- Creating shared instance of singleton bean 'org.springframework.context.annotation.internalConfigurationAnnotationProcessor'
17:15:15.207 [Test worker] DEBUG o.s.c.a.ClassPathBeanDefinitionScanner -- Identified candidate component class: file [/Users/hojoonkim/IdeaProjects/Spring/core/build/classes/java/test/hello/core/scope/singletonWithPrototypeTest$ClientBean.class]
17:15:15.207 [Test worker] DEBUG o.s.c.a.ClassPathBeanDefinitionScanner -- Identified candidate component class: file [/Users/hojoonkim/IdeaProjects/Spring/core/build/classes/java/test/hello/core/scope/singletonWithPrototypeTest$PrototypeBean.class]
17:15:15.208 [Test worker] DEBUG o.s.c.a.ClassPathBeanDefinitionScanner -- Identified candidate component class: file [/Users/hojoonkim/IdeaProjects/Spring/core/build/classes/java/main/hello/core/common/MyLogger.class]
17:15:15.208 [Test worker] DEBUG o.s.c.a.ClassPathBeanDefinitionScanner -- Identified candidate component class: file [/Users/hojoonkim/IdeaProjects/Spring/core/build/classes/java/main/hello/core/discount/FixDiscountPolicy.class]
17:15:15.208 [Test worker] DEBUG o.s.c.a.ClassPathBeanDefinitionScanner -- Identified candidate component class: file [/Users/hojoonkim/IdeaProjects/Spring/core/build/classes/java/main/hello/core/discount/RateDiscountPolicy.class]
17:15:15.208 [Test worker] DEBUG o.s.c.a.ClassPathBeanDefinitionScanner -- Identified candidate component class: file [/Users/hojoonkim/IdeaProjects/Spring/core/build/classes/java/main/hello/core/member/MemberServiceImpl.class]
17:15:15.208 [Test worker] DEBUG o.s.c.a.ClassPathBeanDefinitionScanner -- Identified candidate component class: file [/Users/hojoonkim/IdeaProjects/Spring/core/build/classes/java/main/hello/core/member/MemoryMemberRepository.class]
17:15:15.208 [Test worker] DEBUG o.s.c.a.ClassPathBeanDefinitionScanner -- Identified candidate component class: file [/Users/hojoonkim/IdeaProjects/Spring/core/build/classes/java/main/hello/core/order/OrderServiceImpl.class]
17:15:15.209 [Test worker] DEBUG o.s.c.a.ClassPathBeanDefinitionScanner -- Identified candidate component class: file [/Users/hojoonkim/IdeaProjects/Spring/core/build/classes/java/main/hello/core/web/LogDemoController.class]
17:15:15.209 [Test worker] DEBUG o.s.c.a.ClassPathBeanDefinitionScanner -- Identified candidate component class: file [/Users/hojoonkim/IdeaProjects/Spring/core/build/classes/java/main/hello/core/web/LogDemoService.class]
17:15:15.211 [Test worker] DEBUG o.s.b.f.s.DefaultListableBeanFactory -- Creating shared instance of singleton bean 'org.springframework.context.event.internalEventListenerProcessor'
17:15:15.211 [Test worker] DEBUG o.s.b.f.s.DefaultListableBeanFactory -- Creating shared instance of singleton bean 'org.springframework.context.event.internalEventListenerFactory'
17:15:15.211 [Test worker] DEBUG o.s.b.f.s.DefaultListableBeanFactory -- Creating shared instance of singleton bean 'org.springframework.context.annotation.internalAutowiredAnnotationProcessor'
17:15:15.211 [Test worker] DEBUG o.s.b.f.s.DefaultListableBeanFactory -- Creating shared instance of singleton bean 'org.springframework.context.annotation.internalCommonAnnotationProcessor'
17:15:15.212 [Test worker] DEBUG o.s.b.f.s.DefaultListableBeanFactory -- Creating shared instance of singleton bean 'autoAppConfig'
17:15:15.212 [Test worker] DEBUG o.s.b.f.s.DefaultListableBeanFactory -- Creating shared instance of singleton bean 'allBeanTest.DiscountService'
17:15:15.212 [Test worker] DEBUG o.s.b.f.s.DefaultListableBeanFactory -- Creating shared instance of singleton bean 'fixDiscountPolicy'
17:15:15.212 [Test worker] DEBUG o.s.b.f.s.DefaultListableBeanFactory -- Creating shared instance of singleton bean 'rateDiscountPolicy'
17:15:15.212 [Test worker] DEBUG o.s.b.f.s.DefaultListableBeanFactory -- Autowiring by type from bean name 'allBeanTest.DiscountService' via constructor to bean named 'fixDiscountPolicy'
17:15:15.212 [Test worker] DEBUG o.s.b.f.s.DefaultListableBeanFactory -- Autowiring by type from bean name 'allBeanTest.DiscountService' via constructor to bean named 'rateDiscountPolicy'
policyMap = {fixDiscountPolicy=hello.core.discount.FixDiscountPolicy@60e47aab, rateDiscountPolicy=hello.core.discount.RateDiscountPolicy@261a66b8}
policies = [hello.core.discount.FixDiscountPolicy@60e47aab, hello.core.discount.RateDiscountPolicy@261a66b8]
17:15:15.213 [Test worker] DEBUG o.s.b.f.s.DefaultListableBeanFactory -- Creating shared instance of singleton bean 'singletonWithPrototypeTest.ClientBean'
17:15:15.213 [Test worker] DEBUG o.s.b.f.s.DefaultListableBeanFactory -- Creating shared instance of singleton bean 'myLogger'
17:15:15.213 [Test worker] DEBUG o.s.b.f.s.DefaultListableBeanFactory -- Creating shared instance of singleton bean 'memberServiceImpl'
17:15:15.213 [Test worker] DEBUG o.s.b.f.s.DefaultListableBeanFactory -- Creating shared instance of singleton bean 'memoryMemberRepository'
17:15:15.213 [Test worker] DEBUG o.s.b.f.s.DefaultListableBeanFactory -- Autowiring by type from bean name 'memberServiceImpl' via constructor to bean named 'memoryMemberRepository'
17:15:15.213 [Test worker] DEBUG o.s.b.f.s.DefaultListableBeanFactory -- Creating shared instance of singleton bean 'orderServiceImpl'
17:15:15.213 [Test worker] DEBUG o.s.b.f.s.DefaultListableBeanFactory -- Autowiring by type from bean name 'orderServiceImpl' via constructor to bean named 'memoryMemberRepository'
17:15:15.213 [Test worker] DEBUG o.s.b.f.s.DefaultListableBeanFactory -- Autowiring by type from bean name 'orderServiceImpl' via constructor to bean named 'rateDiscountPolicy'
17:15:15.213 [Test worker] DEBUG o.s.b.f.s.DefaultListableBeanFactory -- Creating shared instance of singleton bean 'logDemoController'
17:15:15.213 [Test worker] DEBUG o.s.b.f.s.DefaultListableBeanFactory -- Creating shared instance of singleton bean 'logDemoService'
17:15:15.214 [Test worker] DEBUG o.s.b.f.s.DefaultListableBeanFactory -- Autowiring by type from bean name 'logDemoService' via constructor to bean named 'myLogger'
17:15:15.214 [Test worker] DEBUG o.s.b.f.s.DefaultListableBeanFactory -- Autowiring by type from bean name 'logDemoController' via constructor to bean named 'logDemoService'
17:15:15.214 [Test worker] DEBUG o.s.b.f.s.DefaultListableBeanFactory -- Autowiring by type from bean name 'logDemoController' via constructor to bean named 'myLogger'
discountCode = fixDiscountPolicy
discountPolicy = hello.core.discount.FixDiscountPolicy@60e47aab
]]></system-out>
  <system-err><![CDATA[]]></system-err>
</testsuite>
